Using pre-set license
Built from '2020.3/staging' branch; Version is '2020.3.11f1 (99c7afb366b3) revision 10078127'; Using compiler version '192528614'; Build Type 'Release'
OS: 'Windows 10 Pro; OS build 19042.1110; Version 2009; 64bit' Language: 'pt' Physical Memory: 16254 MB
BatchMode: 1, IsHumanControllingUs: 0, StartBugReporterOnCrash: 0, Is64bit: 1, IsPro: 0

 COMMAND LINE ARGUMENTS:
C:\Program Files\Unity\Hub\Editor\2020.3.11f1\Editor\Unity.exe
-adb2
-batchMode
-noUpm
-name
AssetImportWorker0
-projectPath
D:/Unity/candycannibal
-logFile
Logs/AssetImportWorker0.log
-srvPort
52077
Successfully changed project path to: D:/Unity/candycannibal
D:/Unity/candycannibal
Using Asset Import Pipeline V2.
Refreshing native plugins compatible for Editor in 33.45 ms, found 2 plugins.
Preloading 0 native plugins for Editor in 0.00 ms.
Initialize engine version: 2020.3.11f1 (99c7afb366b3)
[Subsystems] Discovering subsystems at path C:/Program Files/Unity/Hub/Editor/2020.3.11f1/Editor/Data/Resources/UnitySubsystems
[Subsystems] Discovering subsystems at path D:/Unity/candycannibal/Assets
GfxDevice: creating device client; threaded=0
Direct3D:
    Version:  Direct3D 11.0 [level 11.1]
    Renderer: Radeon RX 580 Series (ID=0x67df)
    Vendor:   
    VRAM:     8171 MB
    Driver:   27.20.21002.112
Initialize mono
Mono path[0] = 'C:/Program Files/Unity/Hub/Editor/2020.3.11f1/Editor/Data/Managed'
Mono path[1] = 'C:/Program Files/Unity/Hub/Editor/2020.3.11f1/Editor/Data/MonoBleedingEdge/lib/mono/unityjit'
Mono config path = 'C:/Program Files/Unity/Hub/Editor/2020.3.11f1/Editor/Data/MonoBleedingEdge/etc'
Using monoOptions --debugger-agent=transport=dt_socket,embedding=1,server=y,suspend=n,address=127.0.0.1:56224
Begin MonoManager ReloadAssembly
Registering precompiled unity dll's ...
Register platform support module: C:/Program Files/Unity/Hub/Editor/2020.3.11f1/Editor/Data/PlaybackEngines/WebGLSupport/UnityEditor.WebGL.Extensions.dll
Register platform support module: C:/Program Files/Unity/Hub/Editor/2020.3.11f1/Editor/Data/PlaybackEngines/WindowsStandaloneSupport/UnityEditor.WindowsStandalone.Extensions.dll
Registered in 0.002809 seconds.
Native extension for WindowsStandalone target not found
Native extension for WebGL target not found
Refreshing native plugins compatible for Editor in 33.85 ms, found 2 plugins.
Preloading 0 native plugins for Editor in 0.00 ms.
Mono: successfully reloaded assembly
- Completed reload, in  1.379 seconds
Platform modules already initialized, skipping
Registering precompiled user dll's ...
Registered in 0.004260 seconds.
Begin MonoManager ReloadAssembly
Native extension for WindowsStandalone target not found
Native extension for WebGL target not found
Refreshing native plugins compatible for Editor in 0.36 ms, found 2 plugins.
Preloading 0 native plugins for Editor in 0.00 ms.
System.Net.Sockets.SocketException (0x80004005): Normalmente é permitida apenas uma utilização de cada endereço de soquete (protocolo/endereço de rede/porta).
UnityEngine.StackTraceUtility:ExtractStackTrace ()
UnityEngine.DebugLogHandler:LogFormat (UnityEngine.LogType,UnityEngine.Object,string,object[])
UnityEngine.Logger:Log (UnityEngine.LogType,object)
UnityEngine.Debug:LogError (object)
UnityEditor.EditorAssemblies:ProcessInitializeOnLoadAttributes (System.Type[])

Mono: successfully reloaded assembly
- Completed reload, in  1.048 seconds
Platform modules already initialized, skipping
========================================================================
Worker process is ready to serve import requests
Launched and connected shader compiler UnityShaderCompiler.exe after 0.05 seconds
Refreshing native plugins compatible for Editor in 0.38 ms, found 2 plugins.
Preloading 0 native plugins for Editor in 0.00 ms.
Unloading 1501 Unused Serialized files (Serialized files now loaded: 0)
System memory in use before: 169.8 MB.
System memory in use after: 169.9 MB.

Unloading 25 unused Assets to reduce memory usage. Loaded Objects now: 1963.
Total: 1.817100 ms (FindLiveObjects: 0.145800 ms CreateObjectMapping: 0.048200 ms MarkObjects: 1.511100 ms  DeleteObjects: 0.110800 ms)

========================================================================
Received Import Request.
  path: Assets/Models/forrest_terrain.blend
  artifactKey: Guid(73c99cc752f80fb42846a036431d9104) Importer(815301076,1909f56bfc062723c751e8b465ee728b)
Start importing Assets/Models/forrest_terrain.blend using Guid(73c99cc752f80fb42846a036431d9104) Importer(815301076,1909f56bfc062723c751e8b465ee728b)  -> (artifact id: '277d4027298cd8c1a656456ae1585069') in 0.184630 seconds
  Import took 0.187458 seconds .

========================================================================
Received Import Request.
  Time since last request: 0.000298 seconds.
  path: Assets/Materials/Grass.mat
  artifactKey: Guid(79d56451dd655eb439533d357a7c5287) Importer(815301076,1909f56bfc062723c751e8b465ee728b)
Start importing Assets/Materials/Grass.mat using Guid(79d56451dd655eb439533d357a7c5287) Importer(815301076,1909f56bfc062723c751e8b465ee728b)  -> (artifact id: 'aff03f26d59eb90c9911888aeb73561c') in 0.051809 seconds
  Import took 0.054815 seconds .

========================================================================
Received Import Request.
  Time since last request: 38.327887 seconds.
  path: Assets/Models/forrest_terrain.blend1
  artifactKey: Guid(25841991a9f17644e9bfcfb9fe8ab957) Importer(815301076,1909f56bfc062723c751e8b465ee728b)
Start importing Assets/Models/forrest_terrain.blend1 using Guid(25841991a9f17644e9bfcfb9fe8ab957) Importer(815301076,1909f56bfc062723c751e8b465ee728b)  -> (artifact id: 'c4f40e8edded6c560ce0fa08ec1a0f9a') in 0.006017 seconds
  Import took 0.009274 seconds .

========================================================================
Received Import Request.
  Time since last request: 0.010304 seconds.
  path: Assets/Models/forrest_terrain.blend1
  artifactKey: Guid(25841991a9f17644e9bfcfb9fe8ab957) Importer(815301076,1909f56bfc062723c751e8b465ee728b)
Start importing Assets/Models/forrest_terrain.blend1 using Guid(25841991a9f17644e9bfcfb9fe8ab957) Importer(815301076,1909f56bfc062723c751e8b465ee728b)  -> (artifact id: 'c4f40e8edded6c560ce0fa08ec1a0f9a') in 0.004625 seconds
  Import took 0.008109 seconds .

========================================================================
Received Import Request.
  Time since last request: 69.025224 seconds.
  path: Assets/Scenes/Water.unity
  artifactKey: Guid(5a75f0f3a0780484c94e1ba03ee4e5e3) Importer(815301076,1909f56bfc062723c751e8b465ee728b)
Start importing Assets/Scenes/Water.unity using Guid(5a75f0f3a0780484c94e1ba03ee4e5e3) Importer(815301076,1909f56bfc062723c751e8b465ee728b)  -> (artifact id: '1efd1bfc0428bbd600afb27c5e094193') in 0.013599 seconds
  Import took 0.016422 seconds .

========================================================================
Received Import Request.
  Time since last request: 5.679726 seconds.
  path: Assets/LowPolyWater_Pack/Materials/LowPolyWaterMaterial.mat
  artifactKey: Guid(8538bd626cb3e80478f62e319f75e337) Importer(815301076,1909f56bfc062723c751e8b465ee728b)
Start importing Assets/LowPolyWater_Pack/Materials/LowPolyWaterMaterial.mat using Guid(8538bd626cb3e80478f62e319f75e337) Importer(815301076,1909f56bfc062723c751e8b465ee728b)  -> (artifact id: '956c33361372ad99cf13c94e14a0de84') in 0.054967 seconds
  Import took 0.060341 seconds .

========================================================================
Received Import Request.
  Time since last request: 376.345944 seconds.
  path: Assets/Low Poly Single Boat/3D Models
  artifactKey: Guid(68439bb2948420643af1308b69b9dc34) Importer(815301076,1909f56bfc062723c751e8b465ee728b)
Start importing Assets/Low Poly Single Boat/3D Models using Guid(68439bb2948420643af1308b69b9dc34) Importer(815301076,1909f56bfc062723c751e8b465ee728b)  -> (artifact id: '913d839153df14bab8d94d9e57b15dea') in 0.023919 seconds
  Import took 0.027069 seconds .

========================================================================
Received Import Request.
  Time since last request: 83.675489 seconds.
  path: Assets/Textures
  artifactKey: Guid(ae8bd8644ef45e2458bef9a860226165) Importer(815301076,1909f56bfc062723c751e8b465ee728b)
Start importing Assets/Textures using Guid(ae8bd8644ef45e2458bef9a860226165) Importer(815301076,1909f56bfc062723c751e8b465ee728b)  -> (artifact id: '7b2e291103e18d633208b06e70f429bc') in 0.014391 seconds
  Import took 0.018883 seconds .

========================================================================
Received Import Request.
  Time since last request: 5.990876 seconds.
  path: Assets/Low Poly Single Boat/Textures
  artifactKey: Guid(d647e06d2cbefc848b0a61c7fb867c69) Importer(815301076,1909f56bfc062723c751e8b465ee728b)
Start importing Assets/Low Poly Single Boat/Textures using Guid(d647e06d2cbefc848b0a61c7fb867c69) Importer(815301076,1909f56bfc062723c751e8b465ee728b)  -> (artifact id: '5d353211f220fb205126672cd0af24bd') in 0.013967 seconds
  Import took 0.016872 seconds .

========================================================================
Received Import Request.
  Time since last request: 139.741671 seconds.
  path: Assets/SimpleLowPolyNature/Materials
  artifactKey: Guid(3285be480b55bcc41af2063e1d870bc1) Importer(815301076,1909f56bfc062723c751e8b465ee728b)
Start importing Assets/SimpleLowPolyNature/Materials using Guid(3285be480b55bcc41af2063e1d870bc1) Importer(815301076,1909f56bfc062723c751e8b465ee728b)  -> (artifact id: '8bf3dfde08c787bd9dcba94a09eab316') in 0.011690 seconds
  Import took 0.015058 seconds .

========================================================================
Received Import Request.
  Time since last request: 541.577918 seconds.
  path: Assets/BOXOPHOBIC/Skybox Cubemap Extended/Demo/Settings
  artifactKey: Guid(938d9248e9f0f574cb40a5bbca66dae4) Importer(815301076,1909f56bfc062723c751e8b465ee728b)
Start importing Assets/BOXOPHOBIC/Skybox Cubemap Extended/Demo/Settings using Guid(938d9248e9f0f574cb40a5bbca66dae4) Importer(815301076,1909f56bfc062723c751e8b465ee728b)  -> (artifact id: '87f6787ba7cea46987a8abbfea4afea8') in 0.020715 seconds
  Import took 0.024533 seconds .

========================================================================
Received Import Request.
  Time since last request: 0.002205 seconds.
  path: Assets/BOXOPHOBIC/Skybox Cubemap Extended/Demo/Settings
  artifactKey: Guid(938d9248e9f0f574cb40a5bbca66dae4) Importer(815301076,1909f56bfc062723c751e8b465ee728b)
Start importing Assets/BOXOPHOBIC/Skybox Cubemap Extended/Demo/Settings using Guid(938d9248e9f0f574cb40a5bbca66dae4) Importer(815301076,1909f56bfc062723c751e8b465ee728b)  -> (artifact id: '87f6787ba7cea46987a8abbfea4afea8') in 0.004290 seconds
  Import took 0.007514 seconds .

========================================================================
Received Prepare
Registering precompiled user dll's ...
Registered in 0.006155 seconds.
Begin MonoManager ReloadAssembly
Native extension for WindowsStandalone target not found
Native extension for WebGL target not found
Refreshing native plugins compatible for Editor in 0.41 ms, found 2 plugins.
Preloading 0 native plugins for Editor in 0.00 ms.
System.Net.Sockets.SocketException (0x80004005): Normalmente é permitida apenas uma utilização de cada endereço de soquete (protocolo/endereço de rede/porta).
UnityEngine.StackTraceUtility:ExtractStackTrace ()
UnityEngine.DebugLogHandler:LogFormat (UnityEngine.LogType,UnityEngine.Object,string,object[])
UnityEngine.Logger:Log (UnityEngine.LogType,object)
UnityEngine.Debug:LogError (object)
UnityEditor.EditorAssemblies:ProcessInitializeOnLoadAttributes (System.Type[])

Mono: successfully reloaded assembly
- Completed reload, in  0.992 seconds
Platform modules already initialized, skipping
Refreshing native plugins compatible for Editor in 0.36 ms, found 2 plugins.
Preloading 0 native plugins for Editor in 0.00 ms.
Unloading 1478 Unused Serialized files (Serialized files now loaded: 0)
System memory in use before: 171.4 MB.
System memory in use after: 171.5 MB.

Unloading 21 unused Assets to reduce memory usage. Loaded Objects now: 2010.
Total: 2.079300 ms (FindLiveObjects: 0.155300 ms CreateObjectMapping: 0.050200 ms MarkObjects: 1.777900 ms  DeleteObjects: 0.094400 ms)

